{"level":"info","message":"Server is running on 5000","timestamp":"2024-08-13T12:53:20.553Z"}
{"level":"info","message":"Server is running on 5000","timestamp":"2024-08-13T12:53:53.067Z"}
{"level":"error","message":"Server is running on 5000","timestamp":"2024-08-13T13:48:19.952Z"}
{"level":"error","message":"Server is running on 5000","timestamp":"2024-08-13T13:48:55.797Z"}
{"level":"error","message":"Server is running on 5000","timestamp":"2024-08-13T13:48:58.470Z"}
{"level":"error","message":"Server is running on 5000","timestamp":"2024-08-13T13:50:36.152Z"}
{"level":"error","message":"Server is running on 5000","timestamp":"2024-08-13T13:50:42.215Z"}
{"level":"error","message":"Server is running on 5000","timestamp":"2024-08-13T13:51:40.167Z"}
{"level":"error","message":"Server is running on 5000","timestamp":"2024-08-13T14:00:12.517Z"}
{"level":"error","message":"Server is running on 5000","timestamp":"2024-08-13T14:05:02.382Z"}
{"level":"error","message":"Server is running on 5000","timestamp":"2024-08-13T14:05:06.234Z"}
{"level":"error","message":"Server is running on 5000","timestamp":"2024-08-13T14:05:12.040Z"}
{"level":"error","message":"Server is running on 5000","timestamp":"2024-08-13T14:05:44.993Z"}
{"level":"error","message":"Server is running on 5000","timestamp":"2024-08-13T14:05:58.433Z"}
{"level":"error","message":"Server is running on 5000","timestamp":"2024-08-13T14:06:02.832Z"}
{"level":"error","message":"Server is running on 5000","timestamp":"2024-08-13T14:48:27.934Z"}
{"level":"error","message":"Server is running on 5000","timestamp":"2024-08-13T14:51:12.849Z"}
{"level":"error","message":"Server is running on 5000","timestamp":"2024-08-13T14:53:41.002Z"}
{"level":"error","message":"Server is running on 5000","timestamp":"2024-08-13T14:54:17.488Z"}
{"level":"error","message":"Server is running on 5000","timestamp":"2024-08-13T14:54:30.667Z"}
{"level":"error","message":"Server is running on 5000","timestamp":"2024-08-13T14:55:01.004Z"}
{"level":"info","message":{"method":"POST","sessionId":"No Session","url":"/api/user/login","userName":"Guest"},"timestamp":"2024-08-13T14:55:13.970Z"}
{"level":"info","message":{},"timestamp":"2024-08-13T14:55:13.978Z"}
{"level":"info","message":"User logged in successfully.","success":true,"timestamp":"2024-08-13T14:55:14.438Z","token":"eyJhbGciOiJIUzI1NiIsInR5cCI6IkpXVCJ9.eyJpZCI6IjY2YmFlNWE0NDIzYTg5NmQ3OGQ0MjZkYyIsImlzQWRtaW4iOmZhbHNlLCJpYXQiOjE3MjM1NjA5MTQsImV4cCI6MTcyMzU2NDUxNH0.sjQLcJbJudSjs52IErVnxXLhcgDq6Ozak9TEV7Vu6LE","userData":{"__v":0,"_id":"66bae5a4423a896d78d426dc","email":"eric@gmail.com","firstName":"Eric","isAdmin":false,"lastName":"Maharjan","lockUntil":null,"loginAttempts":0,"password":"$2b$10$5Y6zzdXmPtwea1LhRgm3W.Yb/Dc5eQlb5M5BOGMMqfDiOk2omiqXS","passwordChangedAt":"2024-08-13T04:48:36.680Z","passwordHistory":[],"phoneNumber":"9864700584","userImage":null}}
{"level":"info","message":{"method":"GET","sessionId":"No Session","url":"/api/user/getSingleUser/66bae5a4423a896d78d426dc","userName":"Guest"},"timestamp":"2024-08-13T14:55:17.447Z"}
{"level":"info","message":{},"timestamp":"2024-08-13T14:55:17.449Z"}
{"level":"info","message":{"method":"OPTIONS","sessionId":"No Session","url":"/api/shoppingBag/getShoppingBagByUserID/66bae5a4423a896d78d426dc","userName":"Guest"},"timestamp":"2024-08-13T14:55:17.459Z"}
{"level":"info","message":{"method":"OPTIONS","sessionId":"No Session","url":"/api/favorite/getFavoritesByUserID/66bae5a4423a896d78d426dc","userName":"Guest"},"timestamp":"2024-08-13T14:55:17.464Z"}
{"level":"info","message":{"method":"OPTIONS","sessionId":"No Session","url":"/api/favorite/getFavoritesByUserID/66bae5a4423a896d78d426dc","userName":"Guest"},"timestamp":"2024-08-13T14:55:17.471Z"}
{"level":"info","message":{"method":"OPTIONS","sessionId":"No Session","url":"/api/shoppingBag/getShoppingBagByUserID/66bae5a4423a896d78d426dc","userName":"Guest"},"timestamp":"2024-08-13T14:55:17.474Z"}
{"level":"info","message":{"method":"GET","sessionId":"No Session","url":"/api/shoppingBag/getShoppingBagByUserID/66bae5a4423a896d78d426dc","userName":"Guest"},"timestamp":"2024-08-13T14:55:17.480Z"}
{"level":"info","message":{},"timestamp":"2024-08-13T14:55:17.482Z"}
{"level":"info","message":{"method":"GET","sessionId":"No Session","url":"/api/favorite/getFavoritesByUserID/66bae5a4423a896d78d426dc","userName":"Guest"},"timestamp":"2024-08-13T14:55:17.501Z"}
{"level":"info","message":{},"timestamp":"2024-08-13T14:55:17.502Z"}
{"level":"info","message":"User fetched successfully","success":true,"timestamp":"2024-08-13T14:55:17.518Z","user":{"__v":0,"_id":"66bae5a4423a896d78d426dc","email":"eric@gmail.com","firstName":"Eric","isAdmin":false,"lastName":"Maharjan","lockUntil":null,"loginAttempts":0,"password":"$2b$10$5Y6zzdXmPtwea1LhRgm3W.Yb/Dc5eQlb5M5BOGMMqfDiOk2omiqXS","passwordChangedAt":"2024-08-13T04:48:36.680Z","passwordHistory":[],"phoneNumber":"9864700584","userImage":null}}
{"level":"info","message":{"method":"GET","sessionId":"No Session","url":"/api/user/getSingleUser/66bae5a4423a896d78d426dc","userName":"Guest"},"timestamp":"2024-08-13T14:55:17.527Z"}
{"level":"info","message":{},"timestamp":"2024-08-13T14:55:17.527Z"}
{"level":"info","message":"retrieved","shoppingBag":[],"success":true,"timestamp":"2024-08-13T14:55:17.552Z"}
{"level":"info","message":{"method":"GET","sessionId":"No Session","url":"/api/shoppingBag/getShoppingBagByUserID/66bae5a4423a896d78d426dc","userName":"Guest"},"timestamp":"2024-08-13T14:55:17.558Z"}
{"level":"info","message":{},"timestamp":"2024-08-13T14:55:17.559Z"}
{"favorites":[],"level":"info","message":"retrieved","success":true,"timestamp":"2024-08-13T14:55:17.571Z"}
{"level":"info","message":{"method":"GET","sessionId":"No Session","url":"/api/favorite/getFavoritesByUserID/66bae5a4423a896d78d426dc","userName":"Guest"},"timestamp":"2024-08-13T14:55:17.576Z"}
{"level":"info","message":{},"timestamp":"2024-08-13T14:55:17.577Z"}
{"level":"info","message":"User fetched successfully","success":true,"timestamp":"2024-08-13T14:55:17.585Z","user":{"__v":0,"_id":"66bae5a4423a896d78d426dc","email":"eric@gmail.com","firstName":"Eric","isAdmin":false,"lastName":"Maharjan","lockUntil":null,"loginAttempts":0,"password":"$2b$10$5Y6zzdXmPtwea1LhRgm3W.Yb/Dc5eQlb5M5BOGMMqfDiOk2omiqXS","passwordChangedAt":"2024-08-13T04:48:36.680Z","passwordHistory":[],"phoneNumber":"9864700584","userImage":null}}
{"level":"info","message":"retrieved","shoppingBag":[],"success":true,"timestamp":"2024-08-13T14:55:17.615Z"}
{"favorites":[],"level":"info","message":"retrieved","success":true,"timestamp":"2024-08-13T14:55:17.632Z"}
{"level":"info","message":{"method":"GET","sessionId":"No Session","url":"/api/user/getSingleUser/66bae5a4423a896d78d426dc","userName":"Guest"},"timestamp":"2024-08-13T16:55:16.177Z"}
{"level":"info","message":{},"timestamp":"2024-08-13T16:55:16.178Z"}
{"level":"info","message":{"method":"OPTIONS","sessionId":"No Session","url":"/api/favorite/getFavoritesByUserID/66bae5a4423a896d78d426dc","userName":"Guest"},"timestamp":"2024-08-13T16:55:16.232Z"}
{"level":"info","message":{"method":"OPTIONS","sessionId":"No Session","url":"/api/shoppingBag/getShoppingBagByUserID/66bae5a4423a896d78d426dc","userName":"Guest"},"timestamp":"2024-08-13T16:55:16.236Z"}
{"level":"info","message":{"method":"OPTIONS","sessionId":"No Session","url":"/api/shoppingBag/getShoppingBagByUserID/66bae5a4423a896d78d426dc","userName":"Guest"},"timestamp":"2024-08-13T16:55:16.238Z"}
{"level":"info","message":{"method":"GET","sessionId":"No Session","url":"/api/shoppingBag/getShoppingBagByUserID/66bae5a4423a896d78d426dc","userName":"Guest"},"timestamp":"2024-08-13T16:55:16.241Z"}
{"level":"info","message":{},"timestamp":"2024-08-13T16:55:16.241Z"}
{"level":"info","message":"Your session has been expired, please logout and login again","success":false,"timestamp":"2024-08-13T16:55:16.246Z"}
{"level":"info","message":{"method":"GET","sessionId":"No Session","url":"/api/favorite/getFavoritesByUserID/66bae5a4423a896d78d426dc","userName":"Guest"},"timestamp":"2024-08-13T16:55:16.249Z"}
{"level":"info","message":{},"timestamp":"2024-08-13T16:55:16.249Z"}
{"level":"info","message":"Your session has been expired, please logout and login again","success":false,"timestamp":"2024-08-13T16:55:16.253Z"}
{"level":"info","message":{"method":"GET","sessionId":"No Session","url":"/api/shoppingBag/getShoppingBagByUserID/66bae5a4423a896d78d426dc","userName":"Guest"},"timestamp":"2024-08-13T16:55:16.256Z"}
{"level":"info","message":{},"timestamp":"2024-08-13T16:55:16.257Z"}
{"level":"info","message":"Your session has been expired, please logout and login again","success":false,"timestamp":"2024-08-13T16:55:16.260Z"}
{"level":"info","message":{"method":"GET","sessionId":"No Session","url":"/api/favorite/getFavoritesByUserID/66bae5a4423a896d78d426dc","userName":"Guest"},"timestamp":"2024-08-13T16:55:16.263Z"}
{"level":"info","message":{},"timestamp":"2024-08-13T16:55:16.263Z"}
{"level":"info","message":"Your session has been expired, please logout and login again","success":false,"timestamp":"2024-08-13T16:55:16.266Z"}
{"level":"info","message":"User fetched successfully","success":true,"timestamp":"2024-08-13T16:55:16.592Z","user":{"__v":0,"_id":"66bae5a4423a896d78d426dc","email":"eric@gmail.com","firstName":"Eric","isAdmin":false,"lastName":"Maharjan","lockUntil":null,"loginAttempts":0,"password":"$2b$10$5Y6zzdXmPtwea1LhRgm3W.Yb/Dc5eQlb5M5BOGMMqfDiOk2omiqXS","passwordChangedAt":"2024-08-13T04:48:36.680Z","passwordHistory":[],"phoneNumber":"9864700584","userImage":null}}
{"level":"info","message":{"method":"GET","sessionId":"No Session","url":"/api/user/getSingleUser/66bae5a4423a896d78d426dc","userName":"Guest"},"timestamp":"2024-08-13T16:55:16.598Z"}
{"level":"info","message":{},"timestamp":"2024-08-13T16:55:16.599Z"}
{"level":"info","message":"User fetched successfully","success":true,"timestamp":"2024-08-13T16:55:16.658Z","user":{"__v":0,"_id":"66bae5a4423a896d78d426dc","email":"eric@gmail.com","firstName":"Eric","isAdmin":false,"lastName":"Maharjan","lockUntil":null,"loginAttempts":0,"password":"$2b$10$5Y6zzdXmPtwea1LhRgm3W.Yb/Dc5eQlb5M5BOGMMqfDiOk2omiqXS","passwordChangedAt":"2024-08-13T04:48:36.680Z","passwordHistory":[],"phoneNumber":"9864700584","userImage":null}}
{"level":"info","message":{"method":"GET","sessionId":"No Session","url":"/api/user/getSingleUser/66bae5a4423a896d78d426dc","userName":"Guest"},"timestamp":"2024-08-13T16:55:16.662Z"}
{"level":"info","message":{},"timestamp":"2024-08-13T16:55:16.662Z"}
{"level":"info","message":"User fetched successfully","success":true,"timestamp":"2024-08-13T16:55:16.718Z","user":{"__v":0,"_id":"66bae5a4423a896d78d426dc","email":"eric@gmail.com","firstName":"Eric","isAdmin":false,"lastName":"Maharjan","lockUntil":null,"loginAttempts":0,"password":"$2b$10$5Y6zzdXmPtwea1LhRgm3W.Yb/Dc5eQlb5M5BOGMMqfDiOk2omiqXS","passwordChangedAt":"2024-08-13T04:48:36.680Z","passwordHistory":[],"phoneNumber":"9864700584","userImage":null}}
{"level":"info","message":{"method":"GET","sessionId":"No Session","url":"/api/user/getSingleUser/66bae5a4423a896d78d426dc","userName":"Guest"},"timestamp":"2024-08-13T16:55:16.721Z"}
{"level":"info","message":{},"timestamp":"2024-08-13T16:55:16.722Z"}
{"level":"info","message":"User fetched successfully","success":true,"timestamp":"2024-08-13T16:55:16.777Z","user":{"__v":0,"_id":"66bae5a4423a896d78d426dc","email":"eric@gmail.com","firstName":"Eric","isAdmin":false,"lastName":"Maharjan","lockUntil":null,"loginAttempts":0,"password":"$2b$10$5Y6zzdXmPtwea1LhRgm3W.Yb/Dc5eQlb5M5BOGMMqfDiOk2omiqXS","passwordChangedAt":"2024-08-13T04:48:36.680Z","passwordHistory":[],"phoneNumber":"9864700584","userImage":null}}
{"level":"info","message":{"method":"GET","sessionId":"No Session","url":"/api/user/getSingleUser/66bae5a4423a896d78d426dc","userName":"Guest"},"timestamp":"2024-08-13T16:55:16.780Z"}
{"level":"info","message":{},"timestamp":"2024-08-13T16:55:16.781Z"}
{"level":"info","message":"User fetched successfully","success":true,"timestamp":"2024-08-13T16:55:16.831Z","user":{"__v":0,"_id":"66bae5a4423a896d78d426dc","email":"eric@gmail.com","firstName":"Eric","isAdmin":false,"lastName":"Maharjan","lockUntil":null,"loginAttempts":0,"password":"$2b$10$5Y6zzdXmPtwea1LhRgm3W.Yb/Dc5eQlb5M5BOGMMqfDiOk2omiqXS","passwordChangedAt":"2024-08-13T04:48:36.680Z","passwordHistory":[],"phoneNumber":"9864700584","userImage":null}}
{"level":"info","message":{"method":"POST","sessionId":"No Session","url":"/api/user/login","userName":"Guest"},"timestamp":"2024-08-13T16:55:42.022Z"}
{"level":"info","message":{},"timestamp":"2024-08-13T16:55:42.024Z"}
{"level":"info","message":"The email or password you entered is incorrect. Please try again.","success":false,"timestamp":"2024-08-13T16:55:42.482Z"}
{"level":"info","message":{"method":"POST","sessionId":"No Session","url":"/api/user/login","userName":"Guest"},"timestamp":"2024-08-13T16:55:50.103Z"}
{"level":"info","message":{},"timestamp":"2024-08-13T16:55:50.103Z"}
{"level":"info","message":"User logged in successfully.","success":true,"timestamp":"2024-08-13T16:55:50.405Z","token":"eyJhbGciOiJIUzI1NiIsInR5cCI6IkpXVCJ9.eyJpZCI6IjY2YmFlNWE0NDIzYTg5NmQ3OGQ0MjZkYyIsImlzQWRtaW4iOmZhbHNlLCJpYXQiOjE3MjM1NjgxNTAsImV4cCI6MTcyMzU3MTc1MH0.282zEyPAe1bgCCAdvpo1Uzb96OR53TyzXjlsfcLL0iY","userData":{"__v":0,"_id":"66bae5a4423a896d78d426dc","email":"eric@gmail.com","firstName":"Eric","isAdmin":false,"lastName":"Maharjan","lockUntil":null,"loginAttempts":0,"password":"$2b$10$5Y6zzdXmPtwea1LhRgm3W.Yb/Dc5eQlb5M5BOGMMqfDiOk2omiqXS","passwordChangedAt":"2024-08-13T04:48:36.680Z","passwordHistory":[],"phoneNumber":"9864700584","userImage":null}}
{"level":"info","message":{"method":"GET","sessionId":"No Session","url":"/api/user/getSingleUser/66bae5a4423a896d78d426dc","userName":"Guest"},"timestamp":"2024-08-13T16:55:52.591Z"}
{"level":"info","message":{},"timestamp":"2024-08-13T16:55:52.592Z"}
{"level":"info","message":{"method":"OPTIONS","sessionId":"No Session","url":"/api/favorite/getFavoritesByUserID/66bae5a4423a896d78d426dc","userName":"Guest"},"timestamp":"2024-08-13T16:55:52.596Z"}
{"level":"info","message":{"method":"OPTIONS","sessionId":"No Session","url":"/api/shoppingBag/getShoppingBagByUserID/66bae5a4423a896d78d426dc","userName":"Guest"},"timestamp":"2024-08-13T16:55:52.597Z"}
{"level":"info","message":{"method":"OPTIONS","sessionId":"No Session","url":"/api/favorite/getFavoritesByUserID/66bae5a4423a896d78d426dc","userName":"Guest"},"timestamp":"2024-08-13T16:55:52.599Z"}
{"level":"info","message":{"method":"OPTIONS","sessionId":"No Session","url":"/api/shoppingBag/getShoppingBagByUserID/66bae5a4423a896d78d426dc","userName":"Guest"},"timestamp":"2024-08-13T16:55:52.601Z"}
{"level":"info","message":{"method":"GET","sessionId":"No Session","url":"/api/favorite/getFavoritesByUserID/66bae5a4423a896d78d426dc","userName":"Guest"},"timestamp":"2024-08-13T16:55:52.603Z"}
{"level":"info","message":{},"timestamp":"2024-08-13T16:55:52.604Z"}
{"level":"info","message":{"method":"GET","sessionId":"No Session","url":"/api/shoppingBag/getShoppingBagByUserID/66bae5a4423a896d78d426dc","userName":"Guest"},"timestamp":"2024-08-13T16:55:52.612Z"}
{"level":"info","message":{},"timestamp":"2024-08-13T16:55:52.613Z"}
{"level":"info","message":"User fetched successfully","success":true,"timestamp":"2024-08-13T16:55:52.648Z","user":{"__v":0,"_id":"66bae5a4423a896d78d426dc","email":"eric@gmail.com","firstName":"Eric","isAdmin":false,"lastName":"Maharjan","lockUntil":null,"loginAttempts":0,"password":"$2b$10$5Y6zzdXmPtwea1LhRgm3W.Yb/Dc5eQlb5M5BOGMMqfDiOk2omiqXS","passwordChangedAt":"2024-08-13T04:48:36.680Z","passwordHistory":[],"phoneNumber":"9864700584","userImage":null}}
{"level":"info","message":{"method":"GET","sessionId":"No Session","url":"/api/user/getSingleUser/66bae5a4423a896d78d426dc","userName":"Guest"},"timestamp":"2024-08-13T16:55:52.652Z"}
{"level":"info","message":{},"timestamp":"2024-08-13T16:55:52.653Z"}
{"level":"info","message":"User fetched successfully","success":true,"timestamp":"2024-08-13T16:55:52.708Z","user":{"__v":0,"_id":"66bae5a4423a896d78d426dc","email":"eric@gmail.com","firstName":"Eric","isAdmin":false,"lastName":"Maharjan","lockUntil":null,"loginAttempts":0,"password":"$2b$10$5Y6zzdXmPtwea1LhRgm3W.Yb/Dc5eQlb5M5BOGMMqfDiOk2omiqXS","passwordChangedAt":"2024-08-13T04:48:36.680Z","passwordHistory":[],"phoneNumber":"9864700584","userImage":null}}
{"level":"info","message":"retrieved","shoppingBag":[],"success":true,"timestamp":"2024-08-13T16:55:52.973Z"}
{"level":"info","message":{"method":"GET","sessionId":"No Session","url":"/api/shoppingBag/getShoppingBagByUserID/66bae5a4423a896d78d426dc","userName":"Guest"},"timestamp":"2024-08-13T16:55:52.978Z"}
{"level":"info","message":{},"timestamp":"2024-08-13T16:55:52.979Z"}
{"favorites":[],"level":"info","message":"retrieved","success":true,"timestamp":"2024-08-13T16:55:53.016Z"}
{"level":"info","message":{"method":"GET","sessionId":"No Session","url":"/api/favorite/getFavoritesByUserID/66bae5a4423a896d78d426dc","userName":"Guest"},"timestamp":"2024-08-13T16:55:53.021Z"}
{"level":"info","message":{},"timestamp":"2024-08-13T16:55:53.022Z"}
{"level":"info","message":"retrieved","shoppingBag":[],"success":true,"timestamp":"2024-08-13T16:55:53.030Z"}
{"favorites":[],"level":"info","message":"retrieved","success":true,"timestamp":"2024-08-13T16:55:53.078Z"}
{"level":"info","message":{"method":"GET","sessionId":"No Session","url":"/api/product/getProducts","userName":"Guest"},"timestamp":"2024-08-13T16:56:07.908Z"}
{"level":"info","message":{},"timestamp":"2024-08-13T16:56:07.908Z"}
{"level":"info","message":"Products fetched successfully","products":[{"__v":0,"_id":"666d36ae27095d0d83a0bcc8","averageRating":1,"productCategory":"Haku Patasi","productDescription":"hehe","productImageURL":"https://res.cloudinary.com/dixaughoi/image/upload/v1718433453/products/sykryc29fsjcm4hv21b4.png","productName":"test updated","productQuantity":20,"productRentalPrice":19,"productSecurityDeposit":100,"productSize":"Large","ratingCount":1},{"__v":0,"_id":"6690e6279fb635d0be924f61","averageRating":0,"productCategory":"Haku Patasi","productDescription":"This Haku Patasi for kids is so good","productImageURL":"https://res.cloudinary.com/dixaughoi/image/upload/v1720772134/products/owj3onun5cydicvribyx.png","productName":"Haku Patasi for Kids","productQuantity":1,"productRentalPrice":200,"productSecurityDeposit":500,"productSize":"Small","ratingCount":0},{"__v":0,"_id":"6690e66a9fb635d0be924f65","averageRating":5,"productCategory":"Lehenga Choli","productDescription":"this is lehenga choli","productImageURL":"https://res.cloudinary.com/dixaughoi/image/upload/v1720917287/products/kqwi4mq85wj3hk2klwdb.png","productName":"Lehenga choli","productQuantity":3,"productRentalPrice":200,"productSecurityDeposit":400,"productSize":"Large","ratingCount":1},{"__v":0,"_id":"6690e6ab9fb635d0be924f69","averageRating":0,"productCategory":"Formal Wear","productDescription":"dhbdjebfjedjedncjncksncksnkxc","productImageURL":"https://res.cloudinary.com/dixaughoi/image/upload/v1720772268/products/yhxp8g3xrp6nyepxgwxp.jpg","productName":"Pink Blazer","productQuantity":1,"productRentalPrice":500,"productSecurityDeposit":500,"productSize":"Large","ratingCount":0},{"__v":0,"_id":"66931e070b4a757fe52608e8","averageRating":0,"productCategory":"Lehenga Choli","productDescription":"kaedjfkdfm,dv","productImageURL":"https://res.cloudinary.com/dixaughoi/image/upload/v1720917509/products/xvsz9wbyt0vdxgnfp8wf.png","productName":"Chunky woolen bodycon Dress","productQuantity":1,"productRentalPrice":1233,"productSecurityDeposit":100,"productSize":"Small","ratingCount":0},{"__v":0,"_id":"66952e2ebd5652119cf0f491","averageRating":0,"productCategory":"Gurung Dress","productDescription":"\"Lorem ipsum dolor sit amet, consectetur adipiscing elit","productImageURL":"https://res.cloudinary.com/dixaughoi/image/upload/v1721052716/products/d8dqkgo7wybr7zlfcf56.jpg","productName":"Gurung Dress Updated","productQuantity":1,"productRentalPrice":200,"productSecurityDeposit":500,"productSize":"Free","ratingCount":0}],"success":true,"timestamp":"2024-08-13T16:56:07.981Z"}
{"level":"info","message":{"method":"GET","sessionId":"No Session","url":"/api/product/getProducts","userName":"Guest"},"timestamp":"2024-08-13T16:56:07.986Z"}
{"level":"info","message":{},"timestamp":"2024-08-13T16:56:07.987Z"}
{"level":"info","message":"Products fetched successfully","products":[{"__v":0,"_id":"666d36ae27095d0d83a0bcc8","averageRating":1,"productCategory":"Haku Patasi","productDescription":"hehe","productImageURL":"https://res.cloudinary.com/dixaughoi/image/upload/v1718433453/products/sykryc29fsjcm4hv21b4.png","productName":"test updated","productQuantity":20,"productRentalPrice":19,"productSecurityDeposit":100,"productSize":"Large","ratingCount":1},{"__v":0,"_id":"6690e6279fb635d0be924f61","averageRating":0,"productCategory":"Haku Patasi","productDescription":"This Haku Patasi for kids is so good","productImageURL":"https://res.cloudinary.com/dixaughoi/image/upload/v1720772134/products/owj3onun5cydicvribyx.png","productName":"Haku Patasi for Kids","productQuantity":1,"productRentalPrice":200,"productSecurityDeposit":500,"productSize":"Small","ratingCount":0},{"__v":0,"_id":"6690e66a9fb635d0be924f65","averageRating":5,"productCategory":"Lehenga Choli","productDescription":"this is lehenga choli","productImageURL":"https://res.cloudinary.com/dixaughoi/image/upload/v1720917287/products/kqwi4mq85wj3hk2klwdb.png","productName":"Lehenga choli","productQuantity":3,"productRentalPrice":200,"productSecurityDeposit":400,"productSize":"Large","ratingCount":1},{"__v":0,"_id":"6690e6ab9fb635d0be924f69","averageRating":0,"productCategory":"Formal Wear","productDescription":"dhbdjebfjedjedncjncksncksnkxc","productImageURL":"https://res.cloudinary.com/dixaughoi/image/upload/v1720772268/products/yhxp8g3xrp6nyepxgwxp.jpg","productName":"Pink Blazer","productQuantity":1,"productRentalPrice":500,"productSecurityDeposit":500,"productSize":"Large","ratingCount":0},{"__v":0,"_id":"66931e070b4a757fe52608e8","averageRating":0,"productCategory":"Lehenga Choli","productDescription":"kaedjfkdfm,dv","productImageURL":"https://res.cloudinary.com/dixaughoi/image/upload/v1720917509/products/xvsz9wbyt0vdxgnfp8wf.png","productName":"Chunky woolen bodycon Dress","productQuantity":1,"productRentalPrice":1233,"productSecurityDeposit":100,"productSize":"Small","ratingCount":0},{"__v":0,"_id":"66952e2ebd5652119cf0f491","averageRating":0,"productCategory":"Gurung Dress","productDescription":"\"Lorem ipsum dolor sit amet, consectetur adipiscing elit","productImageURL":"https://res.cloudinary.com/dixaughoi/image/upload/v1721052716/products/d8dqkgo7wybr7zlfcf56.jpg","productName":"Gurung Dress Updated","productQuantity":1,"productRentalPrice":200,"productSecurityDeposit":500,"productSize":"Free","ratingCount":0}],"success":true,"timestamp":"2024-08-13T16:56:08.097Z"}
{"level":"error","message":"Server is running on 5000","timestamp":"2024-08-13T16:58:05.045Z"}
{"level":"info","message":{"method":"GET","sessionId":"No Session","url":"/api/product/getProducts","userName":"Guest"},"timestamp":"2024-08-13T16:58:26.441Z"}
{"level":"info","message":{},"timestamp":"2024-08-13T16:58:26.448Z"}
{"level":"info","message":"Products fetched successfully","products":[{"__v":0,"_id":"666d36ae27095d0d83a0bcc8","averageRating":1,"productCategory":"Haku Patasi","productDescription":"hehe","productImageURL":"https://res.cloudinary.com/dixaughoi/image/upload/v1718433453/products/sykryc29fsjcm4hv21b4.png","productName":"test updated","productQuantity":20,"productRentalPrice":19,"productSecurityDeposit":100,"productSize":"Large","ratingCount":1},{"__v":0,"_id":"6690e6279fb635d0be924f61","averageRating":0,"productCategory":"Haku Patasi","productDescription":"This Haku Patasi for kids is so good","productImageURL":"https://res.cloudinary.com/dixaughoi/image/upload/v1720772134/products/owj3onun5cydicvribyx.png","productName":"Haku Patasi for Kids","productQuantity":1,"productRentalPrice":200,"productSecurityDeposit":500,"productSize":"Small","ratingCount":0},{"__v":0,"_id":"6690e66a9fb635d0be924f65","averageRating":5,"productCategory":"Lehenga Choli","productDescription":"this is lehenga choli","productImageURL":"https://res.cloudinary.com/dixaughoi/image/upload/v1720917287/products/kqwi4mq85wj3hk2klwdb.png","productName":"Lehenga choli","productQuantity":3,"productRentalPrice":200,"productSecurityDeposit":400,"productSize":"Large","ratingCount":1},{"__v":0,"_id":"6690e6ab9fb635d0be924f69","averageRating":0,"productCategory":"Formal Wear","productDescription":"dhbdjebfjedjedncjncksncksnkxc","productImageURL":"https://res.cloudinary.com/dixaughoi/image/upload/v1720772268/products/yhxp8g3xrp6nyepxgwxp.jpg","productName":"Pink Blazer","productQuantity":1,"productRentalPrice":500,"productSecurityDeposit":500,"productSize":"Large","ratingCount":0},{"__v":0,"_id":"66931e070b4a757fe52608e8","averageRating":0,"productCategory":"Lehenga Choli","productDescription":"kaedjfkdfm,dv","productImageURL":"https://res.cloudinary.com/dixaughoi/image/upload/v1720917509/products/xvsz9wbyt0vdxgnfp8wf.png","productName":"Chunky woolen bodycon Dress","productQuantity":1,"productRentalPrice":1233,"productSecurityDeposit":100,"productSize":"Small","ratingCount":0},{"__v":0,"_id":"66952e2ebd5652119cf0f491","averageRating":0,"productCategory":"Gurung Dress","productDescription":"\"Lorem ipsum dolor sit amet, consectetur adipiscing elit","productImageURL":"https://res.cloudinary.com/dixaughoi/image/upload/v1721052716/products/d8dqkgo7wybr7zlfcf56.jpg","productName":"Gurung Dress Updated","productQuantity":1,"productRentalPrice":200,"productSecurityDeposit":500,"productSize":"Free","ratingCount":0}],"success":true,"timestamp":"2024-08-13T16:58:26.562Z"}
{"level":"info","message":{"method":"GET","sessionId":"No Session","url":"/api/product/getProducts","userName":"Guest"},"timestamp":"2024-08-13T16:58:26.573Z"}
{"level":"info","message":{},"timestamp":"2024-08-13T16:58:26.576Z"}
{"level":"info","message":"Products fetched successfully","products":[{"__v":0,"_id":"666d36ae27095d0d83a0bcc8","averageRating":1,"productCategory":"Haku Patasi","productDescription":"hehe","productImageURL":"https://res.cloudinary.com/dixaughoi/image/upload/v1718433453/products/sykryc29fsjcm4hv21b4.png","productName":"test updated","productQuantity":20,"productRentalPrice":19,"productSecurityDeposit":100,"productSize":"Large","ratingCount":1},{"__v":0,"_id":"6690e6279fb635d0be924f61","averageRating":0,"productCategory":"Haku Patasi","productDescription":"This Haku Patasi for kids is so good","productImageURL":"https://res.cloudinary.com/dixaughoi/image/upload/v1720772134/products/owj3onun5cydicvribyx.png","productName":"Haku Patasi for Kids","productQuantity":1,"productRentalPrice":200,"productSecurityDeposit":500,"productSize":"Small","ratingCount":0},{"__v":0,"_id":"6690e66a9fb635d0be924f65","averageRating":5,"productCategory":"Lehenga Choli","productDescription":"this is lehenga choli","productImageURL":"https://res.cloudinary.com/dixaughoi/image/upload/v1720917287/products/kqwi4mq85wj3hk2klwdb.png","productName":"Lehenga choli","productQuantity":3,"productRentalPrice":200,"productSecurityDeposit":400,"productSize":"Large","ratingCount":1},{"__v":0,"_id":"6690e6ab9fb635d0be924f69","averageRating":0,"productCategory":"Formal Wear","productDescription":"dhbdjebfjedjedncjncksncksnkxc","productImageURL":"https://res.cloudinary.com/dixaughoi/image/upload/v1720772268/products/yhxp8g3xrp6nyepxgwxp.jpg","productName":"Pink Blazer","productQuantity":1,"productRentalPrice":500,"productSecurityDeposit":500,"productSize":"Large","ratingCount":0},{"__v":0,"_id":"66931e070b4a757fe52608e8","averageRating":0,"productCategory":"Lehenga Choli","productDescription":"kaedjfkdfm,dv","productImageURL":"https://res.cloudinary.com/dixaughoi/image/upload/v1720917509/products/xvsz9wbyt0vdxgnfp8wf.png","productName":"Chunky woolen bodycon Dress","productQuantity":1,"productRentalPrice":1233,"productSecurityDeposit":100,"productSize":"Small","ratingCount":0},{"__v":0,"_id":"66952e2ebd5652119cf0f491","averageRating":0,"productCategory":"Gurung Dress","productDescription":"\"Lorem ipsum dolor sit amet, consectetur adipiscing elit","productImageURL":"https://res.cloudinary.com/dixaughoi/image/upload/v1721052716/products/d8dqkgo7wybr7zlfcf56.jpg","productName":"Gurung Dress Updated","productQuantity":1,"productRentalPrice":200,"productSecurityDeposit":500,"productSize":"Free","ratingCount":0}],"success":true,"timestamp":"2024-08-13T16:58:26.629Z"}
{"level":"info","message":{"method":"GET","sessionId":"No Session","url":"/api/product/getProduct/666d36ae27095d0d83a0bcc8","userName":"Guest"},"timestamp":"2024-08-13T16:58:28.598Z"}
{"level":"info","message":{},"timestamp":"2024-08-13T16:58:28.599Z"}
{"level":"info","message":{"method":"GET","sessionId":"No Session","url":"/api/user/getSingleUser/66bae5a4423a896d78d426dc","userName":"Guest"},"timestamp":"2024-08-13T16:58:28.637Z"}
{"level":"info","message":{},"timestamp":"2024-08-13T16:58:28.638Z"}
{"level":"info","message":{"method":"OPTIONS","sessionId":"No Session","url":"/api/favorite/getFavoritesByUserID/66bae5a4423a896d78d426dc","userName":"Guest"},"timestamp":"2024-08-13T16:58:28.647Z"}
{"level":"info","message":{"method":"OPTIONS","sessionId":"No Session","url":"/api/shoppingBag/getShoppingBagByUserID/66bae5a4423a896d78d426dc","userName":"Guest"},"timestamp":"2024-08-13T16:58:28.651Z"}
{"level":"info","message":{"method":"OPTIONS","sessionId":"No Session","url":"/api/favorite/getFavoritesByUserID/66bae5a4423a896d78d426dc","userName":"Guest"},"timestamp":"2024-08-13T16:58:28.654Z"}
{"level":"info","message":{"method":"OPTIONS","sessionId":"No Session","url":"/api/shoppingBag/getShoppingBagByUserID/66bae5a4423a896d78d426dc","userName":"Guest"},"timestamp":"2024-08-13T16:58:28.657Z"}
{"level":"info","message":{"method":"GET","sessionId":"No Session","url":"/api/favorite/getFavoritesByUserID/66bae5a4423a896d78d426dc","userName":"Guest"},"timestamp":"2024-08-13T16:58:28.660Z"}
{"level":"info","message":{},"timestamp":"2024-08-13T16:58:28.661Z"}
{"level":"info","message":{"method":"GET","sessionId":"No Session","url":"/api/shoppingBag/getShoppingBagByUserID/66bae5a4423a896d78d426dc","userName":"Guest"},"timestamp":"2024-08-13T16:58:28.672Z"}
{"level":"info","message":{},"timestamp":"2024-08-13T16:58:28.672Z"}
{"level":"info","message":"Products fetched successfully","product":{"__v":0,"_id":"666d36ae27095d0d83a0bcc8","averageRating":1,"productCategory":"Haku Patasi","productDescription":"hehe","productImageURL":"https://res.cloudinary.com/dixaughoi/image/upload/v1718433453/products/sykryc29fsjcm4hv21b4.png","productName":"test updated","productQuantity":20,"productRentalPrice":19,"productSecurityDeposit":100,"productSize":"Large","ratingCount":1},"success":true,"timestamp":"2024-08-13T16:58:28.703Z"}
{"level":"info","message":"User fetched successfully","success":true,"timestamp":"2024-08-13T16:58:28.716Z","user":{"__v":0,"_id":"66bae5a4423a896d78d426dc","email":"eric@gmail.com","firstName":"Eric","isAdmin":false,"lastName":"Maharjan","lockUntil":null,"loginAttempts":0,"password":"$2b$10$5Y6zzdXmPtwea1LhRgm3W.Yb/Dc5eQlb5M5BOGMMqfDiOk2omiqXS","passwordChangedAt":"2024-08-13T04:48:36.680Z","passwordHistory":[],"phoneNumber":"9864700584","userImage":null}}
{"level":"info","message":{"method":"GET","sessionId":"No Session","url":"/api/product/getProduct/666d36ae27095d0d83a0bcc8","userName":"Guest"},"timestamp":"2024-08-13T16:58:28.719Z"}
{"level":"info","message":{},"timestamp":"2024-08-13T16:58:28.719Z"}
{"favorites":[],"level":"info","message":"retrieved","success":true,"timestamp":"2024-08-13T16:58:28.724Z"}
{"level":"info","message":{"method":"GET","sessionId":"No Session","url":"/api/user/getSingleUser/66bae5a4423a896d78d426dc","userName":"Guest"},"timestamp":"2024-08-13T16:58:28.727Z"}
{"level":"info","message":{},"timestamp":"2024-08-13T16:58:28.728Z"}
{"level":"info","message":"retrieved","shoppingBag":[],"success":true,"timestamp":"2024-08-13T16:58:28.733Z"}
{"level":"info","message":{"method":"GET","sessionId":"No Session","url":"/api/favorite/getFavoritesByUserID/66bae5a4423a896d78d426dc","userName":"Guest"},"timestamp":"2024-08-13T16:58:28.735Z"}
{"level":"info","message":{},"timestamp":"2024-08-13T16:58:28.736Z"}
{"level":"info","message":{"method":"GET","sessionId":"No Session","url":"/api/shoppingBag/getShoppingBagByUserID/66bae5a4423a896d78d426dc","userName":"Guest"},"timestamp":"2024-08-13T16:58:28.743Z"}
{"level":"info","message":{},"timestamp":"2024-08-13T16:58:28.744Z"}
{"level":"info","message":"Products fetched successfully","product":{"__v":0,"_id":"666d36ae27095d0d83a0bcc8","averageRating":1,"productCategory":"Haku Patasi","productDescription":"hehe","productImageURL":"https://res.cloudinary.com/dixaughoi/image/upload/v1718433453/products/sykryc29fsjcm4hv21b4.png","productName":"test updated","productQuantity":20,"productRentalPrice":19,"productSecurityDeposit":100,"productSize":"Large","ratingCount":1},"success":true,"timestamp":"2024-08-13T16:58:28.783Z"}
{"level":"info","message":"User fetched successfully","success":true,"timestamp":"2024-08-13T16:58:28.787Z","user":{"__v":0,"_id":"66bae5a4423a896d78d426dc","email":"eric@gmail.com","firstName":"Eric","isAdmin":false,"lastName":"Maharjan","lockUntil":null,"loginAttempts":0,"password":"$2b$10$5Y6zzdXmPtwea1LhRgm3W.Yb/Dc5eQlb5M5BOGMMqfDiOk2omiqXS","passwordChangedAt":"2024-08-13T04:48:36.680Z","passwordHistory":[],"phoneNumber":"9864700584","userImage":null}}
{"favorites":[],"level":"info","message":"retrieved","success":true,"timestamp":"2024-08-13T16:58:28.795Z"}
{"level":"info","message":"retrieved","shoppingBag":[],"success":true,"timestamp":"2024-08-13T16:58:28.805Z"}
{"level":"info","message":{"method":"OPTIONS","sessionId":"No Session","url":"/api/favorite/getFavoritesByUserID/66bae5a4423a896d78d426dc","userName":"Guest"},"timestamp":"2024-08-13T17:00:58.510Z"}
{"level":"info","message":{"method":"GET","sessionId":"No Session","url":"/api/user/getSingleUser/66bae5a4423a896d78d426dc","userName":"Guest"},"timestamp":"2024-08-13T17:00:58.513Z"}
{"level":"info","message":{},"timestamp":"2024-08-13T17:00:58.514Z"}
{"level":"info","message":{"method":"OPTIONS","sessionId":"No Session","url":"/api/shoppingBag/getShoppingBagByUserID/66bae5a4423a896d78d426dc","userName":"Guest"},"timestamp":"2024-08-13T17:00:58.519Z"}
{"level":"info","message":{"method":"OPTIONS","sessionId":"No Session","url":"/api/favorite/getFavoritesByUserID/66bae5a4423a896d78d426dc","userName":"Guest"},"timestamp":"2024-08-13T17:00:58.522Z"}
{"level":"info","message":{"method":"OPTIONS","sessionId":"No Session","url":"/api/shoppingBag/getShoppingBagByUserID/66bae5a4423a896d78d426dc","userName":"Guest"},"timestamp":"2024-08-13T17:00:58.525Z"}
{"level":"info","message":{"method":"GET","sessionId":"No Session","url":"/api/favorite/getFavoritesByUserID/66bae5a4423a896d78d426dc","userName":"Guest"},"timestamp":"2024-08-13T17:00:58.528Z"}
{"level":"info","message":{},"timestamp":"2024-08-13T17:00:58.529Z"}
{"level":"info","message":{"method":"GET","sessionId":"No Session","url":"/api/shoppingBag/getShoppingBagByUserID/66bae5a4423a896d78d426dc","userName":"Guest"},"timestamp":"2024-08-13T17:00:58.538Z"}
{"level":"info","message":{},"timestamp":"2024-08-13T17:00:58.538Z"}
{"level":"info","message":"User fetched successfully","success":true,"timestamp":"2024-08-13T17:00:58.596Z","user":{"__v":0,"_id":"66bae5a4423a896d78d426dc","email":"eric@gmail.com","firstName":"Eric","isAdmin":false,"lastName":"Maharjan","lockUntil":null,"loginAttempts":0,"password":"$2b$10$5Y6zzdXmPtwea1LhRgm3W.Yb/Dc5eQlb5M5BOGMMqfDiOk2omiqXS","passwordChangedAt":"2024-08-13T04:48:36.680Z","passwordHistory":[],"phoneNumber":"9864700584","userImage":null}}
{"level":"info","message":{"method":"GET","sessionId":"No Session","url":"/api/user/getSingleUser/66bae5a4423a896d78d426dc","userName":"Guest"},"timestamp":"2024-08-13T17:00:58.600Z"}
{"level":"info","message":{},"timestamp":"2024-08-13T17:00:58.602Z"}
{"favorites":[],"level":"info","message":"retrieved","success":true,"timestamp":"2024-08-13T17:00:58.616Z"}
{"level":"info","message":{"method":"GET","sessionId":"No Session","url":"/api/favorite/getFavoritesByUserID/66bae5a4423a896d78d426dc","userName":"Guest"},"timestamp":"2024-08-13T17:00:58.620Z"}
{"level":"info","message":{},"timestamp":"2024-08-13T17:00:58.621Z"}
{"level":"info","message":"retrieved","shoppingBag":[],"success":true,"timestamp":"2024-08-13T17:00:58.673Z"}
{"level":"info","message":"User fetched successfully","success":true,"timestamp":"2024-08-13T17:00:58.679Z","user":{"__v":0,"_id":"66bae5a4423a896d78d426dc","email":"eric@gmail.com","firstName":"Eric","isAdmin":false,"lastName":"Maharjan","lockUntil":null,"loginAttempts":0,"password":"$2b$10$5Y6zzdXmPtwea1LhRgm3W.Yb/Dc5eQlb5M5BOGMMqfDiOk2omiqXS","passwordChangedAt":"2024-08-13T04:48:36.680Z","passwordHistory":[],"phoneNumber":"9864700584","userImage":null}}
{"level":"info","message":{"method":"GET","sessionId":"No Session","url":"/api/shoppingBag/getShoppingBagByUserID/66bae5a4423a896d78d426dc","userName":"Guest"},"timestamp":"2024-08-13T17:00:58.681Z"}
{"level":"info","message":{},"timestamp":"2024-08-13T17:00:58.682Z"}
{"favorites":[],"level":"info","message":"retrieved","success":true,"timestamp":"2024-08-13T17:00:58.776Z"}
{"level":"info","message":"retrieved","shoppingBag":[],"success":true,"timestamp":"2024-08-13T17:00:58.778Z"}
{"level":"info","message":{"method":"GET","sessionId":"No Session","url":"/api/user/getSingleUser/66bae5a4423a896d78d426dc","userName":"Guest"},"timestamp":"2024-08-13T17:01:17.969Z"}
{"level":"info","message":{},"timestamp":"2024-08-13T17:01:17.970Z"}
{"level":"info","message":{"method":"OPTIONS","sessionId":"No Session","url":"/api/favorite/getFavoritesByUserID/66bae5a4423a896d78d426dc","userName":"Guest"},"timestamp":"2024-08-13T17:01:17.975Z"}
{"level":"info","message":{"method":"OPTIONS","sessionId":"No Session","url":"/api/shoppingBag/getShoppingBagByUserID/66bae5a4423a896d78d426dc","userName":"Guest"},"timestamp":"2024-08-13T17:01:17.983Z"}
{"level":"info","message":{"method":"GET","sessionId":"No Session","url":"/api/favorite/getFavoritesByUserID/66bae5a4423a896d78d426dc","userName":"Guest"},"timestamp":"2024-08-13T17:01:17.987Z"}
{"level":"info","message":{},"timestamp":"2024-08-13T17:01:17.988Z"}
{"level":"info","message":{"method":"GET","sessionId":"No Session","url":"/api/shoppingBag/getShoppingBagByUserID/66bae5a4423a896d78d426dc","userName":"Guest"},"timestamp":"2024-08-13T17:01:17.995Z"}
{"level":"info","message":{},"timestamp":"2024-08-13T17:01:17.996Z"}
{"level":"info","message":"User fetched successfully","success":true,"timestamp":"2024-08-13T17:01:18.026Z","user":{"__v":0,"_id":"66bae5a4423a896d78d426dc","email":"eric@gmail.com","firstName":"Eric","isAdmin":false,"lastName":"Maharjan","lockUntil":null,"loginAttempts":0,"password":"$2b$10$5Y6zzdXmPtwea1LhRgm3W.Yb/Dc5eQlb5M5BOGMMqfDiOk2omiqXS","passwordChangedAt":"2024-08-13T04:48:36.680Z","passwordHistory":[],"phoneNumber":"9864700584","userImage":null}}
{"level":"info","message":{"method":"GET","sessionId":"No Session","url":"/api/user/getSingleUser/66bae5a4423a896d78d426dc","userName":"Guest"},"timestamp":"2024-08-13T17:01:18.038Z"}
{"level":"info","message":{},"timestamp":"2024-08-13T17:01:18.039Z"}
{"favorites":[],"level":"info","message":"retrieved","success":true,"timestamp":"2024-08-13T17:01:18.045Z"}
{"level":"info","message":{"method":"GET","sessionId":"No Session","url":"/api/favorite/getFavoritesByUserID/66bae5a4423a896d78d426dc","userName":"Guest"},"timestamp":"2024-08-13T17:01:18.049Z"}
{"level":"info","message":{},"timestamp":"2024-08-13T17:01:18.049Z"}
{"level":"info","message":"retrieved","shoppingBag":[],"success":true,"timestamp":"2024-08-13T17:01:18.056Z"}
{"level":"info","message":{"method":"GET","sessionId":"No Session","url":"/api/shoppingBag/getShoppingBagByUserID/66bae5a4423a896d78d426dc","userName":"Guest"},"timestamp":"2024-08-13T17:01:18.061Z"}
{"level":"info","message":{},"timestamp":"2024-08-13T17:01:18.061Z"}
{"level":"info","message":"User fetched successfully","success":true,"timestamp":"2024-08-13T17:01:18.098Z","user":{"__v":0,"_id":"66bae5a4423a896d78d426dc","email":"eric@gmail.com","firstName":"Eric","isAdmin":false,"lastName":"Maharjan","lockUntil":null,"loginAttempts":0,"password":"$2b$10$5Y6zzdXmPtwea1LhRgm3W.Yb/Dc5eQlb5M5BOGMMqfDiOk2omiqXS","passwordChangedAt":"2024-08-13T04:48:36.680Z","passwordHistory":[],"phoneNumber":"9864700584","userImage":null}}
{"favorites":[],"level":"info","message":"retrieved","success":true,"timestamp":"2024-08-13T17:01:18.118Z"}
{"level":"info","message":"retrieved","shoppingBag":[],"success":true,"timestamp":"2024-08-13T17:01:18.122Z"}
{"level":"error","message":"Server is running on 5000","timestamp":"2024-08-13T17:02:13.689Z"}
{"level":"error","message":"Server is running on 5000","timestamp":"2024-08-13T17:06:54.564Z"}
{"level":"error","message":"Server is running on 5000","timestamp":"2024-08-13T17:07:05.192Z"}
{"level":"info","message":{"method":"OPTIONS","sessionId":"No Session","url":"/api/favorite/getFavoritesByUserID/66bae5a4423a896d78d426dc","userName":"Guest"},"timestamp":"2024-08-13T17:07:11.017Z"}
{"level":"info","message":{"method":"GET","sessionId":"No Session","url":"/api/user/getSingleUser/66bae5a4423a896d78d426dc","userName":"Guest"},"timestamp":"2024-08-13T17:07:11.041Z"}
{"level":"info","message":{},"timestamp":"2024-08-13T17:07:11.047Z"}
{"level":"info","message":{"method":"OPTIONS","sessionId":"No Session","url":"/api/shoppingBag/getShoppingBagByUserID/66bae5a4423a896d78d426dc","userName":"Guest"},"timestamp":"2024-08-13T17:07:11.077Z"}
{"level":"info","message":{"method":"OPTIONS","sessionId":"No Session","url":"/api/favorite/getFavoritesByUserID/66bae5a4423a896d78d426dc","userName":"Guest"},"timestamp":"2024-08-13T17:07:11.101Z"}
{"level":"info","message":{"method":"OPTIONS","sessionId":"No Session","url":"/api/shoppingBag/getShoppingBagByUserID/66bae5a4423a896d78d426dc","userName":"Guest"},"timestamp":"2024-08-13T17:07:11.122Z"}
{"level":"info","message":{"method":"GET","sessionId":"No Session","url":"/api/favorite/getFavoritesByUserID/66bae5a4423a896d78d426dc","userName":"Guest"},"timestamp":"2024-08-13T17:07:11.125Z"}
{"level":"info","message":{},"timestamp":"2024-08-13T17:07:11.127Z"}
{"level":"info","message":"User fetched successfully","success":true,"timestamp":"2024-08-13T17:07:11.211Z","user":{"__v":0,"_id":"66bae5a4423a896d78d426dc","email":"eric@gmail.com","firstName":"Eric","lastName":"Maharjan","lockUntil":null,"loginAttempts":0,"password":"$2b$10$5Y6zzdXmPtwea1LhRgm3W.Yb/Dc5eQlb5M5BOGMMqfDiOk2omiqXS","passwordChangedAt":"2024-08-13T04:48:36.680Z","passwordHistory":[],"phoneNumber":"9864700584","userImage":null}}
{"level":"info","message":{"method":"GET","sessionId":"No Session","url":"/api/shoppingBag/getShoppingBagByUserID/66bae5a4423a896d78d426dc","userName":"Guest"},"timestamp":"2024-08-13T17:07:11.229Z"}
{"level":"info","message":{},"timestamp":"2024-08-13T17:07:11.230Z"}
{"favorites":[],"level":"info","message":"retrieved","success":true,"timestamp":"2024-08-13T17:07:11.243Z"}
{"level":"info","message":{"method":"GET","sessionId":"No Session","url":"/api/user/getSingleUser/66bae5a4423a896d78d426dc","userName":"Guest"},"timestamp":"2024-08-13T17:07:11.250Z"}
{"level":"info","message":{},"timestamp":"2024-08-13T17:07:11.251Z"}
{"level":"info","message":{"method":"GET","sessionId":"No Session","url":"/api/favorite/getFavoritesByUserID/66bae5a4423a896d78d426dc","userName":"Guest"},"timestamp":"2024-08-13T17:07:11.258Z"}
{"level":"info","message":{},"timestamp":"2024-08-13T17:07:11.258Z"}
{"level":"info","message":"retrieved","shoppingBag":[],"success":true,"timestamp":"2024-08-13T17:07:11.297Z"}
{"level":"info","message":{"method":"GET","sessionId":"No Session","url":"/api/shoppingBag/getShoppingBagByUserID/66bae5a4423a896d78d426dc","userName":"Guest"},"timestamp":"2024-08-13T17:07:11.304Z"}
{"level":"info","message":{},"timestamp":"2024-08-13T17:07:11.305Z"}
{"level":"info","message":"User fetched successfully","success":true,"timestamp":"2024-08-13T17:07:11.313Z","user":{"__v":0,"_id":"66bae5a4423a896d78d426dc","email":"eric@gmail.com","firstName":"Eric","lastName":"Maharjan","lockUntil":null,"loginAttempts":0,"password":"$2b$10$5Y6zzdXmPtwea1LhRgm3W.Yb/Dc5eQlb5M5BOGMMqfDiOk2omiqXS","passwordChangedAt":"2024-08-13T04:48:36.680Z","passwordHistory":[],"phoneNumber":"9864700584","userImage":null}}
{"favorites":[],"level":"info","message":"retrieved","success":true,"timestamp":"2024-08-13T17:07:11.315Z"}
{"level":"info","message":"retrieved","shoppingBag":[],"success":true,"timestamp":"2024-08-13T17:07:11.379Z"}
